Build started 17/03/2017 05:17:09.
     1>Project "C:\Users\Falvon\Dropbox\Computer Science\Year 1\CM1205 Architecture and Operating Systems\Assessment\TemperatureConv\TemperatureConv\TemperatureConv.vcxproj" on node 2 (build target(s)).
     1>InitializeBuildStatus:
         Touching "Debug\TemperatureConv.unsuccessfulbuild".
       _MASM:
         Assembling [Inputs]...
         cmd.exe /C "C:\Users\Falvon\AppData\Local\Temp\tmp1a76046859b9412fab48637ef49e5801.cmd"
         ml.exe /c /nologo /Zi /Fo"Debug\convert.obj" /Fl"TemperatureConv.lst" /W3 /errorReport:prompt  /Taconvert.asm
       Link:
         C:\Program Files (x86)\Microsoft Visual Studio 10.0\VC\bin\link.exe /ERRORREPORT:PROMPT /OUT:"C:\Users\Falvon\Dropbox\Computer Science\Year 1\CM1205 Architecture and Operating Systems\Assessment\TemperatureConv\Debug\TemperatureConv.exe" /NOLOGO kernel32.lib user32.lib gdi32.lib winspool.lib comdlg32.lib advapi32.lib shell32.lib ole32.lib oleaut32.lib uuid.lib odbc32.lib odbccp32.lib /MANIFEST /ManifestFile:"Debug\TemperatureConv.exe.intermediate.manifest" /MANIFESTUAC:"level='asInvoker' uiAccess='false'" /DEBUG /PDB:"C:\Users\Falvon\Dropbox\Computer Science\Year 1\CM1205 Architecture and Operating Systems\Assessment\TemperatureConv\Debug\TemperatureConv.pdb" /SUBSYSTEM:CONSOLE /TLBID:1 /ENTRY:"main" /DYNAMICBASE /NXCOMPAT /IMPLIB:"C:\Users\Falvon\Dropbox\Computer Science\Year 1\CM1205 Architecture and Operating Systems\Assessment\TemperatureConv\Debug\TemperatureConv.lib" /MACHINE:X86 Debug\convert.obj
         LINK : C:\Users\Falvon\Dropbox\Computer Science\Year 1\CM1205 Architecture and Operating Systems\Assessment\TemperatureConv\Debug\TemperatureConv.exe not found or not built by the last incremental link; performing full link
         TemperatureConv.vcxproj -> C:\Users\Falvon\Dropbox\Computer Science\Year 1\CM1205 Architecture and Operating Systems\Assessment\TemperatureConv\Debug\TemperatureConv.exe
       Manifest:
         C:\Program Files (x86)\Microsoft SDKs\Windows\v7.0A\bin\mt.exe /nologo /verbose /outputresource:"C:\Users\Falvon\Dropbox\Computer Science\Year 1\CM1205 Architecture and Operating Systems\Assessment\TemperatureConv\Debug\TemperatureConv.exe;#1" /manifest Debug\TemperatureConv.exe.intermediate.manifest
       FinalizeBuildStatus:
         Deleting file "Debug\TemperatureConv.unsuccessfulbuild".
         Touching "Debug\TemperatureConv.lastbuildstate".
     1>Done Building Project "C:\Users\Falvon\Dropbox\Computer Science\Year 1\CM1205 Architecture and Operating Systems\Assessment\TemperatureConv\TemperatureConv\TemperatureConv.vcxproj" (build target(s)).

Build succeeded.

Time Elapsed 00:00:00.87
